# JRE version: Java(TM) SE Runtime Environment (8.0_152-b16) (build 1.8.0_152-b16)
# Java VM: Java HotSpot(TM) 64-Bit Server VM (25.152-b16 mixed mode windows-amd64 compressed oops)
Heap:
 PSYoungGen      total 281600K, used 54491K [0x0000000780800000, 0x0000000794800000, 0x00000007c0000000)
  eden space 266240K, 14% used [0x0000000780800000,0x0000000782e387e0,0x0000000790c00000)
  from space 15360K, 99% used [0x0000000790c00000,0x0000000791afe680,0x0000000791b00000)
  to   space 17408K, 0% used [0x0000000793700000,0x0000000793700000,0x0000000794800000)
 ParOldGen       total 121856K, used 23464K [0x0000000701800000, 0x0000000708f00000, 0x0000000780800000)
  object space 121856K, 19% used [0x0000000701800000,0x0000000702eea078,0x0000000708f00000)
 Metaspace       used 49788K, capacity 52387K, committed 52480K, reserved 1093632K
  class space    used 6869K, capacity 7349K, committed 7424K, reserved 1048576K
GC Heap History (10 events):
Event: 5.826 GC heap before
{Heap before GC invocations=7 (full 1):
 PSYoungGen      total 106496K, used 105337K [0x0000000780800000, 0x000000078bb00000, 0x00000007c0000000)
  eden space 98304K, 100% used [0x0000000780800000,0x0000000786800000,0x0000000786800000)
  from space 8192K, 85% used [0x0000000786800000,0x0000000786ede498,0x0000000787000000)
  to   space 8704K, 0% used [0x000000078b280000,0x000000078b280000,0x000000078bb00000)
 ParOldGen       total 69632K, used 6770K [0x0000000701800000, 0x0000000705c00000, 0x0000000780800000)
  object space 69632K, 9% used [0x0000000701800000,0x0000000701e9c820,0x0000000705c00000)
 Metaspace       used 27421K, capacity 28392K, committed 28544K, reserved 1073152K
  class space    used 3678K, capacity 3918K, committed 3968K, reserved 1048576K
Event: 5.840 GC heap after
Heap after GC invocations=7 (full 1):
 PSYoungGen      total 172544K, used 8682K [0x0000000780800000, 0x000000078bc00000, 0x00000007c0000000)
  eden space 163840K, 0% used [0x0000000780800000,0x0000000780800000,0x000000078a800000)
  from space 8704K, 99% used [0x000000078b280000,0x000000078bafabe0,0x000000078bb00000)
  to   space 10240K, 0% used [0x000000078a800000,0x000000078a800000,0x000000078b200000)
 ParOldGen       total 69632K, used 7654K [0x0000000701800000, 0x0000000705c00000, 0x0000000780800000)
  object space 69632K, 10% used [0x0000000701800000,0x0000000701f79808,0x0000000705c00000)
 Metaspace       used 27421K, capacity 28392K, committed 28544K, reserved 1073152K
  class space    used 3678K, capacity 3918K, committed 3968K, reserved 1048576K
}
Event: 6.957 GC heap before
{Heap before GC invocations=8 (full 1):
 PSYoungGen      total 172544K, used 145663K [0x0000000780800000, 0x000000078bc00000, 0x00000007c0000000)
  eden space 163840K, 83% used [0x0000000780800000,0x0000000788dc5158,0x000000078a800000)
  from space 8704K, 99% used [0x000000078b280000,0x000000078bafabe0,0x000000078bb00000)
  to   space 10240K, 0% used [0x000000078a800000,0x000000078a800000,0x000000078b200000)
 ParOldGen       total 69632K, used 7654K [0x0000000701800000, 0x0000000705c00000, 0x0000000780800000)
  object space 69632K, 10% used [0x0000000701800000,0x0000000701f79808,0x0000000705c00000)
 Metaspace       used 33908K, capacity 35461K, committed 35496K, reserved 1079296K
  class space    used 4538K, capacity 4829K, committed 4864K, reserved 1048576K
Event: 6.979 GC heap after
Heap after GC invocations=8 (full 1):
 PSYoungGen      total 174080K, used 10235K [0x0000000780800000, 0x0000000792e00000, 0x00000007c0000000)
  eden space 163840K, 0% used [0x0000000780800000,0x0000000780800000,0x000000078a800000)
  from space 10240K, 99% used [0x000000078a800000,0x000000078b1fec60,0x000000078b200000)
  to   space 15360K, 0% used [0x0000000791f00000,0x0000000791f00000,0x0000000792e00000)
 ParOldGen       total 69632K, used 15721K [0x0000000701800000, 0x0000000705c00000, 0x0000000780800000)
  object space 69632K, 22% used [0x0000000701800000,0x000000070275a640,0x0000000705c00000)
 Metaspace       used 33908K, capacity 35461K, committed 35496K, reserved 1079296K
  class space    used 4538K, capacity 4829K, committed 4864K, reserved 1048576K
}
Event: 6.979 GC heap before
{Heap before GC invocations=9 (full 2):
 PSYoungGen      total 174080K, used 10235K [0x0000000780800000, 0x0000000792e00000, 0x00000007c0000000)
  eden space 163840K, 0% used [0x0000000780800000,0x0000000780800000,0x000000078a800000)
  from space 10240K, 99% used [0x000000078a800000,0x000000078b1fec60,0x000000078b200000)
  to   space 15360K, 0% used [0x0000000791f00000,0x0000000791f00000,0x0000000792e00000)
 ParOldGen       total 69632K, used 15721K [0x0000000701800000, 0x0000000705c00000, 0x0000000780800000)
  object space 69632K, 22% used [0x0000000701800000,0x000000070275a640,0x0000000705c00000)
 Metaspace       used 33908K, capacity 35461K, committed 35496K, reserved 1079296K
  class space    used 4538K, capacity 4829K, committed 4864K, reserved 1048576K
Event: 7.097 GC heap after
Heap after GC invocations=9 (full 2):
 PSYoungGen      total 174080K, used 0K [0x0000000780800000, 0x0000000792e00000, 0x00000007c0000000)
  eden space 163840K, 0% used [0x0000000780800000,0x0000000780800000,0x000000078a800000)
  from space 10240K, 0% used [0x000000078a800000,0x000000078a800000,0x000000078b200000)
  to   space 15360K, 0% used [0x0000000791f00000,0x0000000791f00000,0x0000000792e00000)
 ParOldGen       total 121856K, used 22888K [0x0000000701800000, 0x0000000708f00000, 0x0000000780800000)
  object space 121856K, 18% used [0x0000000701800000,0x0000000702e5a3f8,0x0000000708f00000)
 Metaspace       used 33908K, capacity 35461K, committed 35496K, reserved 1079296K
  class space    used 4538K, capacity 4829K, committed 4864K, reserved 1048576K
}
Event: 8.773 GC heap before
{Heap before GC invocations=10 (full 2):
 PSYoungGen      total 174080K, used 163840K [0x0000000780800000, 0x0000000792e00000, 0x00000007c0000000)
  eden space 163840K, 100% used [0x0000000780800000,0x000000078a800000,0x000000078a800000)
  from space 10240K, 0% used [0x000000078a800000,0x000000078a800000,0x000000078b200000)
  to   space 15360K, 0% used [0x0000000791f00000,0x0000000791f00000,0x0000000792e00000)
 ParOldGen       total 121856K, used 22888K [0x0000000701800000, 0x0000000708f00000, 0x0000000780800000)
  object space 121856K, 18% used [0x0000000701800000,0x0000000702e5a3f8,0x0000000708f00000)
 Metaspace       used 40969K, capacity 42697K, committed 42880K, reserved 1085440K
  class space    used 5676K, capacity 6013K, committed 6016K, reserved 1048576K
Event: 8.789 GC heap after
Heap after GC invocations=10 (full 2):
 PSYoungGen      total 249344K, used 10758K [0x0000000780800000, 0x0000000792a00000, 0x00000007c0000000)
  eden space 238080K, 0% used [0x0000000780800000,0x0000000780800000,0x000000078f080000)
  from space 11264K, 95% used [0x0000000791f00000,0x0000000792981be0,0x0000000792a00000)
  to   space 15360K, 0% used [0x0000000790c00000,0x0000000790c00000,0x0000000791b00000)
 ParOldGen       total 121856K, used 22896K [0x0000000701800000, 0x0000000708f00000, 0x0000000780800000)
  object space 121856K, 18% used [0x0000000701800000,0x0000000702e5c3f8,0x0000000708f00000)
 Metaspace       used 40969K, capacity 42697K, committed 42880K, reserved 1085440K
  class space    used 5676K, capacity 6013K, committed 6016K, reserved 1048576K
}
Event: 7148.334 GC heap before
{Heap before GC invocations=11 (full 2):
 PSYoungGen      total 249344K, used 248838K [0x0000000780800000, 0x0000000792a00000, 0x00000007c0000000)
  eden space 238080K, 100% used [0x0000000780800000,0x000000078f080000,0x000000078f080000)
  from space 11264K, 95% used [0x0000000791f00000,0x0000000792981be0,0x0000000792a00000)
  to   space 15360K, 0% used [0x0000000790c00000,0x0000000790c00000,0x0000000791b00000)
 ParOldGen       total 121856K, used 22896K [0x0000000701800000, 0x0000000708f00000, 0x0000000780800000)
  object space 121856K, 18% used [0x0000000701800000,0x0000000702e5c3f8,0x0000000708f00000)
 Metaspace       used 49785K, capacity 52387K, committed 52480K, reserved 1093632K
  class space    used 6869K, capacity 7349K, committed 7424K, reserved 1048576K
Event: 7148.525 GC heap after
Heap after GC invocations=11 (full 2):
 PSYoungGen      total 281600K, used 15353K [0x0000000780800000, 0x0000000794800000, 0x00000007c0000000)
  eden space 266240K, 0% used [0x0000000780800000,0x0000000780800000,0x0000000790c00000)
  from space 15360K, 99% used [0x0000000790c00000,0x0000000791afe680,0x0000000791b00000)
  to   space 17408K, 0% used [0x0000000793700000,0x0000000793700000,0x0000000794800000)
 ParOldGen       total 121856K, used 23464K [0x0000000701800000, 0x0000000708f00000, 0x0000000780800000)
  object space 121856K, 19% used [0x0000000701800000,0x0000000702eea078,0x0000000708f00000)
 Metaspace       used 49785K, capacity 52387K, committed 52480K, reserved 1093632K
  class space    used 6869K, capacity 7349K, committed 7424K, reserved 1048576K
}

