# JRE version: Java(TM) SE Runtime Environment (8.0_152-b16) (build 1.8.0_152-b16)
# Java VM: Java HotSpot(TM) 64-Bit Server VM (25.152-b16 mixed mode windows-amd64 compressed oops)
Heap:
 PSYoungGen      total 159744K, used 51739K [0x0000000780800000, 0x000000078d380000, 0x00000007c0000000)
  eden space 144384K, 25% used [0x0000000780800000,0x0000000782bedf40,0x0000000789500000)
  from space 15360K, 97% used [0x0000000789500000,0x000000078a398fd0,0x000000078a400000)
  to   space 16896K, 0% used [0x000000078c300000,0x000000078c300000,0x000000078d380000)
 ParOldGen       total 135168K, used 20126K [0x0000000701800000, 0x0000000709c00000, 0x0000000780800000)
  object space 135168K, 14% used [0x0000000701800000,0x0000000702ba7be0,0x0000000709c00000)
 Metaspace       used 47521K, capacity 49566K, committed 49920K, reserved 1091584K
  class space    used 6414K, capacity 6792K, committed 6912K, reserved 1048576K
GC Heap History (10 events):
Event: 5.101 GC heap before
{Heap before GC invocations=7 (full 1):
 PSYoungGen      total 102912K, used 102007K [0x0000000780800000, 0x0000000788380000, 0x00000007c0000000)
  eden space 94720K, 100% used [0x0000000780800000,0x0000000786480000,0x0000000786480000)
  from space 8192K, 88% used [0x0000000786480000,0x0000000786b9df58,0x0000000786c80000)
  to   space 9728K, 0% used [0x0000000787a00000,0x0000000787a00000,0x0000000788380000)
 ParOldGen       total 81408K, used 8413K [0x0000000701800000, 0x0000000706780000, 0x0000000780800000)
  object space 81408K, 10% used [0x0000000701800000,0x00000007020374d8,0x0000000706780000)
 Metaspace       used 31061K, capacity 32496K, committed 32768K, reserved 1077248K
  class space    used 4206K, capacity 4488K, committed 4608K, reserved 1048576K
Event: 5.117 GC heap after
Heap after GC invocations=7 (full 1):
 PSYoungGen      total 112128K, used 9707K [0x0000000780800000, 0x000000078ab00000, 0x00000007c0000000)
  eden space 102400K, 0% used [0x0000000780800000,0x0000000780800000,0x0000000786c00000)
  from space 9728K, 99% used [0x0000000787a00000,0x000000078837ad10,0x0000000788380000)
  to   space 14336K, 0% used [0x0000000786c00000,0x0000000786c00000,0x0000000787a00000)
 ParOldGen       total 81408K, used 14275K [0x0000000701800000, 0x0000000706780000, 0x0000000780800000)
  object space 81408K, 17% used [0x0000000701800000,0x00000007025f0f50,0x0000000706780000)
 Metaspace       used 31061K, capacity 32496K, committed 32768K, reserved 1077248K
  class space    used 4206K, capacity 4488K, committed 4608K, reserved 1048576K
}
Event: 5.699 GC heap before
{Heap before GC invocations=8 (full 1):
 PSYoungGen      total 112128K, used 65621K [0x0000000780800000, 0x000000078ab00000, 0x00000007c0000000)
  eden space 102400K, 54% used [0x0000000780800000,0x0000000783e9a968,0x0000000786c00000)
  from space 9728K, 99% used [0x0000000787a00000,0x000000078837ad10,0x0000000788380000)
  to   space 14336K, 0% used [0x0000000786c00000,0x0000000786c00000,0x0000000787a00000)
 ParOldGen       total 81408K, used 14275K [0x0000000701800000, 0x0000000706780000, 0x0000000780800000)
  object space 81408K, 17% used [0x0000000701800000,0x00000007025f0f50,0x0000000706780000)
 Metaspace       used 33823K, capacity 35250K, committed 35456K, reserved 1079296K
  class space    used 4577K, capacity 4889K, committed 4992K, reserved 1048576K
Event: 5.716 GC heap after
Heap after GC invocations=8 (full 1):
 PSYoungGen      total 116736K, used 12335K [0x0000000780800000, 0x000000078bb00000, 0x00000007c0000000)
  eden space 102400K, 0% used [0x0000000780800000,0x0000000780800000,0x0000000786c00000)
  from space 14336K, 86% used [0x0000000786c00000,0x000000078780bec0,0x0000000787a00000)
  to   space 15872K, 0% used [0x000000078ab80000,0x000000078ab80000,0x000000078bb00000)
 ParOldGen       total 81408K, used 14283K [0x0000000701800000, 0x0000000706780000, 0x0000000780800000)
  object space 81408K, 17% used [0x0000000701800000,0x00000007025f2f50,0x0000000706780000)
 Metaspace       used 33823K, capacity 35250K, committed 35456K, reserved 1079296K
  class space    used 4577K, capacity 4889K, committed 4992K, reserved 1048576K
}
Event: 5.716 GC heap before
{Heap before GC invocations=9 (full 2):
 PSYoungGen      total 116736K, used 12335K [0x0000000780800000, 0x000000078bb00000, 0x00000007c0000000)
  eden space 102400K, 0% used [0x0000000780800000,0x0000000780800000,0x0000000786c00000)
  from space 14336K, 86% used [0x0000000786c00000,0x000000078780bec0,0x0000000787a00000)
  to   space 15872K, 0% used [0x000000078ab80000,0x000000078ab80000,0x000000078bb00000)
 ParOldGen       total 81408K, used 14283K [0x0000000701800000, 0x0000000706780000, 0x0000000780800000)
  object space 81408K, 17% used [0x0000000701800000,0x00000007025f2f50,0x0000000706780000)
 Metaspace       used 33823K, capacity 35250K, committed 35456K, reserved 1079296K
  class space    used 4577K, capacity 4889K, committed 4992K, reserved 1048576K
Event: 5.795 GC heap after
Heap after GC invocations=9 (full 2):
 PSYoungGen      total 116736K, used 0K [0x0000000780800000, 0x000000078bb00000, 0x00000007c0000000)
  eden space 102400K, 0% used [0x0000000780800000,0x0000000780800000,0x0000000786c00000)
  from space 14336K, 0% used [0x0000000786c00000,0x0000000786c00000,0x0000000787a00000)
  to   space 15872K, 0% used [0x000000078ab80000,0x000000078ab80000,0x000000078bb00000)
 ParOldGen       total 135168K, used 20110K [0x0000000701800000, 0x0000000709c00000, 0x0000000780800000)
  object space 135168K, 14% used [0x0000000701800000,0x0000000702ba3be0,0x0000000709c00000)
 Metaspace       used 33823K, capacity 35250K, committed 35456K, reserved 1079296K
  class space    used 4577K, capacity 4889K, committed 4992K, reserved 1048576K
}
Event: 7.080 GC heap before
{Heap before GC invocations=10 (full 2):
 PSYoungGen      total 116736K, used 102400K [0x0000000780800000, 0x000000078bb00000, 0x00000007c0000000)
  eden space 102400K, 100% used [0x0000000780800000,0x0000000786c00000,0x0000000786c00000)
  from space 14336K, 0% used [0x0000000786c00000,0x0000000786c00000,0x0000000787a00000)
  to   space 15872K, 0% used [0x000000078ab80000,0x000000078ab80000,0x000000078bb00000)
 ParOldGen       total 135168K, used 20110K [0x0000000701800000, 0x0000000709c00000, 0x0000000780800000)
  object space 135168K, 14% used [0x0000000701800000,0x0000000702ba3be0,0x0000000709c00000)
 Metaspace       used 38195K, capacity 40026K, committed 40192K, reserved 1083392K
  class space    used 5168K, capacity 5516K, committed 5632K, reserved 1048576K
Event: 7.090 GC heap after
Heap after GC invocations=10 (full 2):
 PSYoungGen      total 152064K, used 7606K [0x0000000780800000, 0x000000078b300000, 0x00000007c0000000)
  eden space 144384K, 0% used [0x0000000780800000,0x0000000780800000,0x0000000789500000)
  from space 7680K, 99% used [0x000000078ab80000,0x000000078b2edb20,0x000000078b300000)
  to   space 15360K, 0% used [0x0000000789500000,0x0000000789500000,0x000000078a400000)
 ParOldGen       total 135168K, used 20118K [0x0000000701800000, 0x0000000709c00000, 0x0000000780800000)
  object space 135168K, 14% used [0x0000000701800000,0x0000000702ba5be0,0x0000000709c00000)
 Metaspace       used 38195K, capacity 40026K, committed 40192K, reserved 1083392K
  class space    used 5168K, capacity 5516K, committed 5632K, reserved 1048576K
}
Event: 38.959 GC heap before
{Heap before GC invocations=11 (full 2):
 PSYoungGen      total 152064K, used 151990K [0x0000000780800000, 0x000000078b300000, 0x00000007c0000000)
  eden space 144384K, 100% used [0x0000000780800000,0x0000000789500000,0x0000000789500000)
  from space 7680K, 99% used [0x000000078ab80000,0x000000078b2edb20,0x000000078b300000)
  to   space 15360K, 0% used [0x0000000789500000,0x0000000789500000,0x000000078a400000)
 ParOldGen       total 135168K, used 20118K [0x0000000701800000, 0x0000000709c00000, 0x0000000780800000)
  object space 135168K, 14% used [0x0000000701800000,0x0000000702ba5be0,0x0000000709c00000)
 Metaspace       used 47010K, capacity 49004K, committed 49280K, reserved 1091584K
  class space    used 6353K, capacity 6741K, committed 6784K, reserved 1048576K
Event: 38.977 GC heap after
Heap after GC invocations=11 (full 2):
 PSYoungGen      total 159744K, used 14947K [0x0000000780800000, 0x000000078d380000, 0x00000007c0000000)
  eden space 144384K, 0% used [0x0000000780800000,0x0000000780800000,0x0000000789500000)
  from space 15360K, 97% used [0x0000000789500000,0x000000078a398fd0,0x000000078a400000)
  to   space 16896K, 0% used [0x000000078c300000,0x000000078c300000,0x000000078d380000)
 ParOldGen       total 135168K, used 20126K [0x0000000701800000, 0x0000000709c00000, 0x0000000780800000)
  object space 135168K, 14% used [0x0000000701800000,0x0000000702ba7be0,0x0000000709c00000)
 Metaspace       used 47010K, capacity 49004K, committed 49280K, reserved 1091584K
  class space    used 6353K, capacity 6741K, committed 6784K, reserved 1048576K
}

